<?xml version="1.0" encoding="UTF-8"?>
<!-- Generated by org.testng.reporters.JUnitReportReporter -->
<testsuite skipped="0" hostname="291b4730a062" name="com.newtours.tests.BookFlightTest" tests="6" failures="0" timestamp="15 Jul 2019 16:15:40 GMT" time="6.685" errors="0">
  <testcase name="registrationPageTest" time="1.147" classname="com.newtours.tests.BookFlightTest"/>
  <testcase name="registrationPageTest" time="1.163" classname="com.newtours.tests.BookFlightTest"/>
  <testcase name="registrationPageTest" time="1.176" classname="com.newtours.tests.BookFlightTest"/>
  <testcase name="registrationPageTest" time="1.140" classname="com.newtours.tests.BookFlightTest"/>
  <testcase name="registrationPageTest" time="1.010" classname="com.newtours.tests.BookFlightTest"/>
  <testcase name="registrationPageTest" time="1.049" classname="com.newtours.tests.BookFlightTest"/>
</testsuite> <!-- com.newtours.tests.BookFlightTest -->
