<?xml version="1.0" encoding="UTF-8"?>
<!-- Generated by org.testng.reporters.JUnitReportReporter -->
<testsuite skipped="0" hostname="PAR-GRAYES.local" name="com.newtours.tests.BookFlightTest" tests="1" failures="0" timestamp="15 juil. 2019 16:11:51 GMT" time="1.155" errors="0">
  <testcase name="registrationPageTest" time="1.155" classname="com.newtours.tests.BookFlightTest"/>
</testsuite> <!-- com.newtours.tests.BookFlightTest -->
